INFO:root:	0 wrote channel setup message to BUS
INFO:root:	0 wrote channel setup message to BUS
INFO:root:	0 wrote channel setup message to BUS
INFO:root:	0 wrote channel setup message to BUS
INFO:root:	0 wrote channel setup message to BUS
INFO:root:	0 wrote channel setup message to BUS
INFO:root:	0 wrote channel setup message to BUS
INFO:root:	0 wrote channel setup message to BUS
INFO:root:	0 wrote channel setup message to BUS
INFO:root:	0 wrote channel setup message to BUS
INFO:root:	0 wrote channel setup message to BUS
INFO:root:	0 wrote channel setup message to BUS
INFO:root:	0 wrote channel setup message to BUS
INFO:root:	0 wrote channel setup message to BUS
INFO:root:	0 wrote channel setup message to BUS
INFO:root:	0 wrote channel setup message to BUS
INFO:root:	0 wrote channel setup message to BUS
INFO:root:	0 wrote channel setup message to BUS
INFO:root:	0 wrote channel setup message to BUS
INFO:root:	0 wrote channel setup message to BUS
INFO:root:	0 wrote channel setup message to BUS
INFO:root:	0 wrote channel setup message to BUS
INFO:root:	0 wrote channel setup message to BUS
INFO:root:	0 wrote channel setup message to BUS
INFO:root:	0 wrote channel setup message to BUS
INFO:root:	0 wrote channel setup message to BUS
INFO:root:	0 wrote channel setup message to BUS
INFO:root:	0 wrote channel setup message to BUS
INFO:root:	0 wrote channel setup message to BUS
INFO:root:	0 wrote channel setup message to BUS
INFO:root:	0 wrote channel setup message to BUS
INFO:root:	0 wrote channel setup message to BUS
INFO:root:	0 wrote channel setup message to BUS
INFO:root:	0 wrote channel setup message to BUS
INFO:root:	0 wrote channel setup message to BUS
INFO:root:	0 wrote channel setup message to BUS
INFO:root:	0 wrote channel setup message to BUS
INFO:root:	0 wrote channel setup message to BUS
INFO:root:	0 wrote channel setup message to BUS
INFO:root:	0 wrote channel setup message to BUS
INFO:root:	0 wrote channel setup message to BUS
INFO:root:	0 wrote channel setup message to BUS
INFO:root:	0 wrote channel setup message to BUS
INFO:root:	0 wrote channel setup message to BUS
INFO:root:	0 wrote channel setup message to BUS
INFO:root:	0 wrote channel setup message to BUS
INFO:root:	0 wrote channel setup message to BUS
INFO:root:	0 wrote channel setup message to BUS
INFO:root:	0 wrote channel setup message to BUS
INFO:root:	0 wrote channel setup message to BUS
INFO:root:	0 wrote channel setup message to BUS
INFO:root:	0 wrote channel setup message to BUS
INFO:root:	0 wrote channel setup message to BUS
INFO:root:	0 wrote channel setup message to BUS
INFO:root:	0 wrote channel setup message to BUS
INFO:root:	0 wrote channel setup message to BUS
INFO:root:	0 wrote channel setup message to BUS
INFO:root:	0 wrote channel setup message to BUS
INFO:root:	0 wrote channel setup message to BUS
INFO:root:	0 wrote channel setup message to BUS
INFO:root:	0 wrote channel setup message to BUS
INFO:root:	0 wrote channel setup message to BUS
INFO:root:	0 wrote channel setup message to BUS
INFO:root:	0 wrote channel setup message to BUS
INFO:root:	0 wrote channel setup message to BUS
INFO:root:	0 wrote channel setup message to BUS
INFO:root:	0 wrote channel setup message to BUS
INFO:root:	0 wrote channel setup message to BUS
INFO:root:	0 wrote channel setup message to BUS
INFO:root:	0 wrote channel setup message to BUS
INFO:root:	0 wrote channel setup message to BUS
INFO:root:	0 wrote channel setup message to BUS
INFO:root:	0 wrote channel setup message to BUS
INFO:root:	0 wrote channel setup message to BUS
INFO:root:	0 wrote channel setup message to BUS
INFO:root:	0 wrote channel setup message to BUS
INFO:root:	0 wrote channel setup message to BUS
INFO:root:	0 wrote channel setup message to BUS
INFO:root:	0 wrote channel setup message to BUS
INFO:root:	0 wrote channel setup message to BUS
INFO:root:	0 wrote channel setup message to BUS
INFO:root:	0 wrote channel setup message to BUS
INFO:root:	0 wrote channel setup message to BUS
INFO:root:	0 wrote channel setup message to BUS
INFO:root:	0 wrote channel setup message to BUS
INFO:root:	0 wrote channel setup message to BUS
INFO:root:	0 wrote channel setup message to BUS
INFO:root:	0 wrote channel setup message to BUS
INFO:root:	0 wrote channel setup message to BUS
INFO:root:	0 wrote channel setup message to BUS
INFO:root:	0 wrote channel setup message to BUS
INFO:root:	0 wrote channel setup message to BUS
INFO:root:	0 wrote channel setup message to BUS
INFO:root:	0 wrote channel setup message to BUS
INFO:root:	0 wrote channel setup message to BUS
INFO:root:	0 wrote channel setup message to BUS
INFO:root:	0 wrote channel setup message to BUS
INFO:root:	0 wrote channel setup message to BUS
INFO:root:	0 wrote channel setup message to BUS
INFO:root:	0 wrote channel setup message to BUS
INFO:root:	0 wrote channel setup message to BUS
INFO:root:	0 wrote channel setup message to BUS
INFO:root:	0 wrote channel setup message to BUS
INFO:root:	0 wrote channel setup message to BUS
INFO:root:	0 wrote channel setup message to BUS
INFO:root:	0 wrote channel setup message to BUS
INFO:root:	0 wrote channel setup message to BUS
INFO:root:	0 wrote channel setup message to BUS
INFO:root:	0 wrote channel setup message to BUS
INFO:root:	0 wrote channel setup message to BUS
INFO:root:	0 wrote channel setup message to BUS
INFO:root:	0 wrote channel setup message to BUS
INFO:root:	0 wrote channel setup message to BUS
INFO:root:	0 wrote channel setup message to BUS
INFO:root:	0 wrote channel setup message to BUS
INFO:root:	0 wrote channel setup message to BUS
INFO:root:	0 wrote channel setup message to BUS
INFO:root:	0 wrote channel setup message to BUS
INFO:root:	0 wrote channel setup message to BUS
INFO:root:	0 wrote channel setup message to BUS
INFO:root:	0 wrote channel setup message to BUS
INFO:root:	0 wrote channel setup message to BUS
INFO:root:	0 wrote channel setup message to BUS
INFO:root:	0 wrote channel setup message to BUS
INFO:root:	0 wrote channel setup message to BUS
INFO:root:	0 wrote channel setup message to BUS
INFO:root:	0 wrote channel setup message to BUS
INFO:root:	0 wrote channel setup message to BUS
INFO:root:	0 setting up write channel with key â&ŒY`Z½tÃS<Ó¿í+“’«º¾%C:˜Þý&vOç`pÙ—/#}X bÝŒh©sx«`™ê~'µõÆ'y™P
WARNING:root:NOW IN LEVEL 0
INFO:root:Start of BUS: None
INFO:root:	0 wrote to BUS:  ID: 0 SOURCE: -1 DATA: â&ŒY ACK: 0 OTHER: [channel setup message]
INFO:root:Start of BUS:  ID: 0 SOURCE: -1 DATA: â&ŒY ACK: 0 OTHER: [channel setup message]
INFO:root:Start of BUS:  ID: 0 SOURCE: -1 DATA: â&ŒY ACK: 1 OTHER: [channel setup message]
WARNING:root:NOW IN LEVEL 1
INFO:root:Start of BUS:  ID: 0 SOURCE: -1 DATA: â&ŒY ACK: 1 OTHER: [channel setup message]
INFO:root:	0 taking its acked message off the bus: 0
INFO:root:	0 wrote to BUS:  ID: 0 SOURCE: -1 DATA: `Z½ ACK: 0 OTHER: [channel setup message]
INFO:root:Start of BUS:  ID: 0 SOURCE: -1 DATA: `Z½ ACK: 0 OTHER: [channel setup message]
INFO:root:Start of BUS:  ID: 0 SOURCE: -1 DATA: `Z½ ACK: 1 OTHER: [channel setup message]
WARNING:root:NOW IN LEVEL 2
INFO:root:Start of BUS:  ID: 0 SOURCE: -1 DATA: `Z½ ACK: 1 OTHER: [channel setup message]
INFO:root:	0 taking its acked message off the bus: 0
INFO:root:	0 wrote to BUS:  ID: 0 SOURCE: -1 DATA: tÃS< ACK: 0 OTHER: [channel setup message]
INFO:root:Start of BUS:  ID: 0 SOURCE: -1 DATA: tÃS< ACK: 0 OTHER: [channel setup message]
INFO:root:Start of BUS:  ID: 0 SOURCE: -1 DATA: tÃS< ACK: 1 OTHER: [channel setup message]
WARNING:root:NOW IN LEVEL 3
INFO:root:Start of BUS:  ID: 0 SOURCE: -1 DATA: tÃS< ACK: 1 OTHER: [channel setup message]
INFO:root:	0 taking its acked message off the bus: 0
INFO:root:	0 wrote to BUS:  ID: 0 SOURCE: -1 DATA: Ó¿ ACK: 0 OTHER: [channel setup message]
INFO:root:Start of BUS:  ID: 0 SOURCE: -1 DATA: Ó¿ ACK: 0 OTHER: [channel setup message]
INFO:root:Start of BUS:  ID: 0 SOURCE: -1 DATA: Ó¿ ACK: 1 OTHER: [channel setup message]
WARNING:root:NOW IN LEVEL 4
INFO:root:Start of BUS:  ID: 0 SOURCE: -1 DATA: Ó¿ ACK: 1 OTHER: [channel setup message]
INFO:root:	0 taking its acked message off the bus: 0
INFO:root:	0 wrote to BUS:  ID: 0 SOURCE: -1 DATA: í+“’ ACK: 0 OTHER: [channel setup message]
INFO:root:Start of BUS:  ID: 0 SOURCE: -1 DATA: í+“’ ACK: 0 OTHER: [channel setup message]
INFO:root:Start of BUS:  ID: 0 SOURCE: -1 DATA: í+“’ ACK: 1 OTHER: [channel setup message]
WARNING:root:NOW IN LEVEL 5
INFO:root:Start of BUS:  ID: 0 SOURCE: -1 DATA: í+“’ ACK: 1 OTHER: [channel setup message]
INFO:root:	0 taking its acked message off the bus: 0
INFO:root:	0 wrote to BUS:  ID: 0 SOURCE: -1 DATA: «º¾ ACK: 0 OTHER: [channel setup message]
INFO:root:Start of BUS:  ID: 0 SOURCE: -1 DATA: «º¾ ACK: 0 OTHER: [channel setup message]
INFO:root:Start of BUS:  ID: 0 SOURCE: -1 DATA: «º¾ ACK: 1 OTHER: [channel setup message]
WARNING:root:NOW IN LEVEL 6
INFO:root:Start of BUS:  ID: 0 SOURCE: -1 DATA: «º¾ ACK: 1 OTHER: [channel setup message]
INFO:root:	0 taking its acked message off the bus: 0
INFO:root:	0 wrote to BUS:  ID: 0 SOURCE: -1 DATA: %C:˜ ACK: 0 OTHER: [channel setup message]
INFO:root:Start of BUS:  ID: 0 SOURCE: -1 DATA: %C:˜ ACK: 0 OTHER: [channel setup message]
INFO:root:Start of BUS:  ID: 0 SOURCE: -1 DATA: %C:˜ ACK: 1 OTHER: [channel setup message]
WARNING:root:NOW IN LEVEL 7
INFO:root:Start of BUS:  ID: 0 SOURCE: -1 DATA: %C:˜ ACK: 1 OTHER: [channel setup message]
INFO:root:	0 taking its acked message off the bus: 0
INFO:root:	0 wrote to BUS:  ID: 0 SOURCE: -1 DATA: Þý& ACK: 0 OTHER: [channel setup message]
INFO:root:Start of BUS:  ID: 0 SOURCE: -1 DATA: Þý& ACK: 0 OTHER: [channel setup message]
INFO:root:Start of BUS:  ID: 0 SOURCE: -1 DATA: Þý& ACK: 1 OTHER: [channel setup message]
WARNING:root:NOW IN LEVEL 8
INFO:root:Start of BUS:  ID: 0 SOURCE: -1 DATA: Þý& ACK: 1 OTHER: [channel setup message]
INFO:root:	0 taking its acked message off the bus: 0
INFO:root:	0 wrote to BUS:  ID: 0 SOURCE: -1 DATA: vOç` ACK: 0 OTHER: [channel setup message]
INFO:root:Start of BUS:  ID: 0 SOURCE: -1 DATA: vOç` ACK: 0 OTHER: [channel setup message]
INFO:root:Start of BUS:  ID: 0 SOURCE: -1 DATA: vOç` ACK: 1 OTHER: [channel setup message]
WARNING:root:NOW IN LEVEL 9
INFO:root:Start of BUS:  ID: 0 SOURCE: -1 DATA: vOç` ACK: 1 OTHER: [channel setup message]
INFO:root:	0 taking its acked message off the bus: 0
INFO:root:	0 wrote to BUS:  ID: 0 SOURCE: -1 DATA: pÙ—/ ACK: 0 OTHER: [channel setup message]
INFO:root:Start of BUS:  ID: 0 SOURCE: -1 DATA: pÙ—/ ACK: 0 OTHER: [channel setup message]
INFO:root:Start of BUS:  ID: 0 SOURCE: -1 DATA: pÙ—/ ACK: 1 OTHER: [channel setup message]
WARNING:root:NOW IN LEVEL 10
INFO:root:Start of BUS:  ID: 0 SOURCE: -1 DATA: pÙ—/ ACK: 1 OTHER: [channel setup message]
INFO:root:	0 taking its acked message off the bus: 0
INFO:root:	0 wrote to BUS:  ID: 0 SOURCE: -1 DATA: #}X  ACK: 0 OTHER: [channel setup message]
INFO:root:Start of BUS:  ID: 0 SOURCE: -1 DATA: #}X  ACK: 0 OTHER: [channel setup message]
INFO:root:Start of BUS:  ID: 0 SOURCE: -1 DATA: #}X  ACK: 1 OTHER: [channel setup message]
WARNING:root:NOW IN LEVEL 11
INFO:root:Start of BUS:  ID: 0 SOURCE: -1 DATA: #}X  ACK: 1 OTHER: [channel setup message]
INFO:root:	0 taking its acked message off the bus: 0
INFO:root:	0 wrote to BUS:  ID: 0 SOURCE: -1 DATA: bÝŒh ACK: 0 OTHER: [channel setup message]
INFO:root:Start of BUS:  ID: 0 SOURCE: -1 DATA: bÝŒh ACK: 0 OTHER: [channel setup message]
INFO:root:Start of BUS:  ID: 0 SOURCE: -1 DATA: bÝŒh ACK: 1 OTHER: [channel setup message]
WARNING:root:NOW IN LEVEL 12
INFO:root:Start of BUS:  ID: 0 SOURCE: -1 DATA: bÝŒh ACK: 1 OTHER: [channel setup message]
INFO:root:	0 taking its acked message off the bus: 0
INFO:root:	0 wrote to BUS:  ID: 0 SOURCE: -1 DATA: ©sx« ACK: 0 OTHER: [channel setup message]
INFO:root:Start of BUS:  ID: 0 SOURCE: -1 DATA: ©sx« ACK: 0 OTHER: [channel setup message]
INFO:root:Start of BUS:  ID: 0 SOURCE: -1 DATA: ©sx« ACK: 1 OTHER: [channel setup message]
WARNING:root:NOW IN LEVEL 13
INFO:root:Start of BUS:  ID: 0 SOURCE: -1 DATA: ©sx« ACK: 1 OTHER: [channel setup message]
INFO:root:	0 taking its acked message off the bus: 0
INFO:root:	0 wrote to BUS:  ID: 0 SOURCE: -1 DATA: `™ê~ ACK: 0 OTHER: [channel setup message]
INFO:root:Start of BUS:  ID: 0 SOURCE: -1 DATA: `™ê~ ACK: 0 OTHER: [channel setup message]
INFO:root:Start of BUS:  ID: 0 SOURCE: -1 DATA: `™ê~ ACK: 1 OTHER: [channel setup message]
WARNING:root:NOW IN LEVEL 14
INFO:root:Start of BUS:  ID: 0 SOURCE: -1 DATA: `™ê~ ACK: 1 OTHER: [channel setup message]
INFO:root:	0 taking its acked message off the bus: 0
INFO:root:	0 wrote to BUS:  ID: 0 SOURCE: -1 DATA: 'µõÆ ACK: 0 OTHER: [channel setup message]
INFO:root:Start of BUS:  ID: 0 SOURCE: -1 DATA: 'µõÆ ACK: 0 OTHER: [channel setup message]
INFO:root:Start of BUS:  ID: 0 SOURCE: -1 DATA: 'µõÆ ACK: 1 OTHER: [channel setup message]
WARNING:root:NOW IN LEVEL 15
INFO:root:Start of BUS:  ID: 0 SOURCE: -1 DATA: 'µõÆ ACK: 1 OTHER: [channel setup message]
INFO:root:	0 taking its acked message off the bus: 0
INFO:root:	0 wrote to BUS:  ID: 0 SOURCE: -1 DATA: 'y™P ACK: 0 OTHER: [channel setup message]
INFO:root:Start of BUS:  ID: 0 SOURCE: -1 DATA: 'y™P ACK: 0 OTHER: [channel setup message]
INFO:root:Start of BUS:  ID: 0 SOURCE: -1 DATA: 'y™P ACK: 1 OTHER: [channel setup message]
WARNING:root:NOW IN LEVEL 16
INFO:root:Start of BUS:  ID: 0 SOURCE: -1 DATA: 'y™P ACK: 1 OTHER: [channel setup message]
INFO:root:	0 taking its acked message off the bus: 0
INFO:root:	0 wrote to BUS:  ID: 0 SOURCE: -1 DATA:  ACK: 0 OTHER: [channel setup message]
INFO:root:Start of BUS:  ID: 0 SOURCE: -1 DATA:  ACK: 0 OTHER: [channel setup message]
INFO:root:Start of BUS:  ID: 0 SOURCE: -1 DATA:  ACK: 1 OTHER: [channel setup message]
WARNING:root:NOW IN LEVEL 17
INFO:root:Start of BUS:  ID: 0 SOURCE: -1 DATA:  ACK: 1 OTHER: [channel setup message]
INFO:root:	0 taking its acked message off the bus: 0
INFO:root:	0 wrote to BUS:  ID: 0 SOURCE: -1 DATA:  ACK: 0 OTHER: [channel setup message]
INFO:root:Start of BUS:  ID: 0 SOURCE: -1 DATA:  ACK: 0 OTHER: [channel setup message]
INFO:root:Start of BUS:  ID: 0 SOURCE: -1 DATA:  ACK: 1 OTHER: [channel setup message]
WARNING:root:NOW IN LEVEL 18
INFO:root:Start of BUS:  ID: 0 SOURCE: -1 DATA:  ACK: 1 OTHER: [channel setup message]
INFO:root:	0 taking its acked message off the bus: 0
INFO:root:	0 wrote to BUS:  ID: 0 SOURCE: -1 DATA:  ACK: 0 OTHER: [channel setup message]
INFO:root:Start of BUS:  ID: 0 SOURCE: -1 DATA:  ACK: 0 OTHER: [channel setup message]
INFO:root:Start of BUS:  ID: 0 SOURCE: -1 DATA:  ACK: 1 OTHER: [channel setup message]
WARNING:root:NOW IN LEVEL 19
INFO:root:Start of BUS:  ID: 0 SOURCE: -1 DATA:  ACK: 1 OTHER: [channel setup message]
INFO:root:	0 taking its acked message off the bus: 0
INFO:root:	0 wrote to BUS:  ID: 0 SOURCE: -1 DATA:  ACK: 0 OTHER: [channel setup message]
INFO:root:Start of BUS:  ID: 0 SOURCE: -1 DATA:  ACK: 0 OTHER: [channel setup message]
INFO:root:Start of BUS:  ID: 0 SOURCE: -1 DATA:  ACK: 1 OTHER: [channel setup message]
WARNING:root:NOW IN LEVEL 20
INFO:root:Start of BUS:  ID: 0 SOURCE: -1 DATA:  ACK: 1 OTHER: [channel setup message]
INFO:root:	0 taking its acked message off the bus: 0
INFO:root:	0 wrote to BUS:  ID: 0 SOURCE: -1 DATA:  ACK: 0 OTHER: [channel setup message]
INFO:root:Start of BUS:  ID: 0 SOURCE: -1 DATA:  ACK: 0 OTHER: [channel setup message]
INFO:root:Start of BUS:  ID: 0 SOURCE: -1 DATA:  ACK: 1 OTHER: [channel setup message]
WARNING:root:NOW IN LEVEL 21
INFO:root:Start of BUS:  ID: 0 SOURCE: -1 DATA:  ACK: 1 OTHER: [channel setup message]
INFO:root:	0 taking its acked message off the bus: 0
INFO:root:	0 wrote to BUS:  ID: 0 SOURCE: -1 DATA:  ACK: 0 OTHER: [channel setup message]
INFO:root:Start of BUS:  ID: 0 SOURCE: -1 DATA:  ACK: 0 OTHER: [channel setup message]
INFO:root:Start of BUS:  ID: 0 SOURCE: -1 DATA:  ACK: 1 OTHER: [channel setup message]
WARNING:root:NOW IN LEVEL 22
INFO:root:Start of BUS:  ID: 0 SOURCE: -1 DATA:  ACK: 1 OTHER: [channel setup message]
INFO:root:	0 taking its acked message off the bus: 0
INFO:root:	0 wrote to BUS:  ID: 0 SOURCE: -1 DATA:  ACK: 0 OTHER: [channel setup message]
INFO:root:Start of BUS:  ID: 0 SOURCE: -1 DATA:  ACK: 0 OTHER: [channel setup message]
INFO:root:Start of BUS:  ID: 0 SOURCE: -1 DATA:  ACK: 1 OTHER: [channel setup message]
WARNING:root:NOW IN LEVEL 23
INFO:root:Start of BUS:  ID: 0 SOURCE: -1 DATA:  ACK: 1 OTHER: [channel setup message]
INFO:root:	0 taking its acked message off the bus: 0
INFO:root:	0 wrote to BUS:  ID: 0 SOURCE: -1 DATA:  ACK: 0 OTHER: [channel setup message]
INFO:root:Start of BUS:  ID: 0 SOURCE: -1 DATA:  ACK: 0 OTHER: [channel setup message]
INFO:root:Start of BUS:  ID: 0 SOURCE: -1 DATA:  ACK: 1 OTHER: [channel setup message]
WARNING:root:NOW IN LEVEL 24
INFO:root:Start of BUS:  ID: 0 SOURCE: -1 DATA:  ACK: 1 OTHER: [channel setup message]
INFO:root:	0 taking its acked message off the bus: 0
INFO:root:	0 wrote to BUS:  ID: 0 SOURCE: -1 DATA:  ACK: 0 OTHER: [channel setup message]
INFO:root:Start of BUS:  ID: 0 SOURCE: -1 DATA:  ACK: 0 OTHER: [channel setup message]
INFO:root:Start of BUS:  ID: 0 SOURCE: -1 DATA:  ACK: 1 OTHER: [channel setup message]
WARNING:root:NOW IN LEVEL 25
INFO:root:Start of BUS:  ID: 0 SOURCE: -1 DATA:  ACK: 1 OTHER: [channel setup message]
INFO:root:	0 taking its acked message off the bus: 0
INFO:root:	0 wrote to BUS:  ID: 0 SOURCE: -1 DATA:  ACK: 0 OTHER: [channel setup message]
INFO:root:Start of BUS:  ID: 0 SOURCE: -1 DATA:  ACK: 0 OTHER: [channel setup message]
INFO:root:Start of BUS:  ID: 0 SOURCE: -1 DATA:  ACK: 1 OTHER: [channel setup message]
WARNING:root:NOW IN LEVEL 26
INFO:root:Start of BUS:  ID: 0 SOURCE: -1 DATA:  ACK: 1 OTHER: [channel setup message]
INFO:root:	0 taking its acked message off the bus: 0
INFO:root:	0 wrote to BUS:  ID: 0 SOURCE: -1 DATA:  ACK: 0 OTHER: [channel setup message]
INFO:root:Start of BUS:  ID: 0 SOURCE: -1 DATA:  ACK: 0 OTHER: [channel setup message]
INFO:root:Start of BUS:  ID: 0 SOURCE: -1 DATA:  ACK: 1 OTHER: [channel setup message]
WARNING:root:NOW IN LEVEL 27
INFO:root:Start of BUS:  ID: 0 SOURCE: -1 DATA:  ACK: 1 OTHER: [channel setup message]
INFO:root:	0 taking its acked message off the bus: 0
INFO:root:	0 wrote to BUS:  ID: 0 SOURCE: -1 DATA:  ACK: 0 OTHER: [channel setup message]
INFO:root:Start of BUS:  ID: 0 SOURCE: -1 DATA:  ACK: 0 OTHER: [channel setup message]
INFO:root:Start of BUS:  ID: 0 SOURCE: -1 DATA:  ACK: 1 OTHER: [channel setup message]
WARNING:root:NOW IN LEVEL 28
INFO:root:Start of BUS:  ID: 0 SOURCE: -1 DATA:  ACK: 1 OTHER: [channel setup message]
INFO:root:	0 taking its acked message off the bus: 0
INFO:root:	0 wrote to BUS:  ID: 0 SOURCE: -1 DATA:  ACK: 0 OTHER: [channel setup message]
INFO:root:Start of BUS:  ID: 0 SOURCE: -1 DATA:  ACK: 0 OTHER: [channel setup message]
INFO:root:Start of BUS:  ID: 0 SOURCE: -1 DATA:  ACK: 1 OTHER: [channel setup message]
WARNING:root:NOW IN LEVEL 29
INFO:root:Start of BUS:  ID: 0 SOURCE: -1 DATA:  ACK: 1 OTHER: [channel setup message]
INFO:root:	0 taking its acked message off the bus: 0
INFO:root:	0 wrote to BUS:  ID: 0 SOURCE: -1 DATA:  ACK: 0 OTHER: [channel setup message]
INFO:root:Start of BUS:  ID: 0 SOURCE: -1 DATA:  ACK: 0 OTHER: [channel setup message]
INFO:root:Start of BUS:  ID: 0 SOURCE: -1 DATA:  ACK: 1 OTHER: [channel setup message]
WARNING:root:NOW IN LEVEL 30
INFO:root:Start of BUS:  ID: 0 SOURCE: -1 DATA:  ACK: 1 OTHER: [channel setup message]
INFO:root:	0 taking its acked message off the bus: 0
INFO:root:	0 wrote to BUS:  ID: 0 SOURCE: -1 DATA:  ACK: 0 OTHER: [channel setup message]
INFO:root:Start of BUS:  ID: 0 SOURCE: -1 DATA:  ACK: 0 OTHER: [channel setup message]
INFO:root:Start of BUS:  ID: 0 SOURCE: -1 DATA:  ACK: 1 OTHER: [channel setup message]
WARNING:root:NOW IN LEVEL 31
INFO:root:Start of BUS:  ID: 0 SOURCE: -1 DATA:  ACK: 1 OTHER: [channel setup message]
INFO:root:	0 taking its acked message off the bus: 0
INFO:root:	0 wrote to BUS:  ID: 0 SOURCE: -1 DATA:  ACK: 0 OTHER: [channel setup message]
INFO:root:Start of BUS:  ID: 0 SOURCE: -1 DATA:  ACK: 0 OTHER: [channel setup message]
INFO:root:Start of BUS:  ID: 0 SOURCE: -1 DATA:  ACK: 1 OTHER: [channel setup message]
WARNING:root:NOW IN LEVEL 32
INFO:root:Start of BUS:  ID: 0 SOURCE: -1 DATA:  ACK: 1 OTHER: [channel setup message]
INFO:root:	0 taking its acked message off the bus: 0
INFO:root:	0 wrote to BUS:  ID: 0 SOURCE: -1 DATA:  ACK: 0 OTHER: [channel setup message]
INFO:root:Start of BUS:  ID: 0 SOURCE: -1 DATA:  ACK: 0 OTHER: [channel setup message]
INFO:root:Start of BUS:  ID: 0 SOURCE: -1 DATA:  ACK: 1 OTHER: [channel setup message]
WARNING:root:NOW IN LEVEL 33
INFO:root:Start of BUS:  ID: 0 SOURCE: -1 DATA:  ACK: 1 OTHER: [channel setup message]
INFO:root:	0 taking its acked message off the bus: 0
INFO:root:	0 wrote to BUS:  ID: 0 SOURCE: -1 DATA:  ACK: 0 OTHER: [channel setup message]
INFO:root:Start of BUS:  ID: 0 SOURCE: -1 DATA:  ACK: 0 OTHER: [channel setup message]
INFO:root:Start of BUS:  ID: 0 SOURCE: -1 DATA:  ACK: 1 OTHER: [channel setup message]
WARNING:root:NOW IN LEVEL 34
INFO:root:Start of BUS:  ID: 0 SOURCE: -1 DATA:  ACK: 1 OTHER: [channel setup message]
INFO:root:	0 taking its acked message off the bus: 0
INFO:root:	0 wrote to BUS:  ID: 0 SOURCE: -1 DATA:  ACK: 0 OTHER: [channel setup message]
INFO:root:Start of BUS:  ID: 0 SOURCE: -1 DATA:  ACK: 0 OTHER: [channel setup message]
INFO:root:Start of BUS:  ID: 0 SOURCE: -1 DATA:  ACK: 1 OTHER: [channel setup message]
WARNING:root:NOW IN LEVEL 35
INFO:root:Start of BUS:  ID: 0 SOURCE: -1 DATA:  ACK: 1 OTHER: [channel setup message]
INFO:root:	0 taking its acked message off the bus: 0
INFO:root:	0 wrote to BUS:  ID: 0 SOURCE: -1 DATA:  ACK: 0 OTHER: [channel setup message]
INFO:root:Start of BUS:  ID: 0 SOURCE: -1 DATA:  ACK: 0 OTHER: [channel setup message]
INFO:root:Start of BUS:  ID: 0 SOURCE: -1 DATA:  ACK: 1 OTHER: [channel setup message]
WARNING:root:NOW IN LEVEL 36
INFO:root:Start of BUS:  ID: 0 SOURCE: -1 DATA:  ACK: 1 OTHER: [channel setup message]
INFO:root:	0 taking its acked message off the bus: 0
INFO:root:	0 wrote to BUS:  ID: 0 SOURCE: -1 DATA:  ACK: 0 OTHER: [channel setup message]
INFO:root:Start of BUS:  ID: 0 SOURCE: -1 DATA:  ACK: 0 OTHER: [channel setup message]
INFO:root:Start of BUS:  ID: 0 SOURCE: -1 DATA:  ACK: 1 OTHER: [channel setup message]
WARNING:root:NOW IN LEVEL 37
INFO:root:Start of BUS:  ID: 0 SOURCE: -1 DATA:  ACK: 1 OTHER: [channel setup message]
INFO:root:	0 taking its acked message off the bus: 0
INFO:root:	0 wrote to BUS:  ID: 0 SOURCE: -1 DATA:  ACK: 0 OTHER: [channel setup message]
INFO:root:Start of BUS:  ID: 0 SOURCE: -1 DATA:  ACK: 0 OTHER: [channel setup message]
INFO:root:Start of BUS:  ID: 0 SOURCE: -1 DATA:  ACK: 1 OTHER: [channel setup message]
WARNING:root:NOW IN LEVEL 38
INFO:root:Start of BUS:  ID: 0 SOURCE: -1 DATA:  ACK: 1 OTHER: [channel setup message]
INFO:root:	0 taking its acked message off the bus: 0
INFO:root:	0 wrote to BUS:  ID: 0 SOURCE: -1 DATA:  ACK: 0 OTHER: [channel setup message]
INFO:root:Start of BUS:  ID: 0 SOURCE: -1 DATA:  ACK: 0 OTHER: [channel setup message]
INFO:root:Start of BUS:  ID: 0 SOURCE: -1 DATA:  ACK: 1 OTHER: [channel setup message]
WARNING:root:NOW IN LEVEL 39
INFO:root:Start of BUS:  ID: 0 SOURCE: -1 DATA:  ACK: 1 OTHER: [channel setup message]
INFO:root:	0 taking its acked message off the bus: 0
INFO:root:	0 wrote to BUS:  ID: 0 SOURCE: -1 DATA:  ACK: 0 OTHER: [channel setup message]
INFO:root:Start of BUS:  ID: 0 SOURCE: -1 DATA:  ACK: 0 OTHER: [channel setup message]
INFO:root:Start of BUS:  ID: 0 SOURCE: -1 DATA:  ACK: 1 OTHER: [channel setup message]
WARNING:root:NOW IN LEVEL 40
INFO:root:Start of BUS:  ID: 0 SOURCE: -1 DATA:  ACK: 1 OTHER: [channel setup message]
INFO:root:	0 taking its acked message off the bus: 0
INFO:root:	0 wrote to BUS:  ID: 0 SOURCE: -1 DATA:  ACK: 0 OTHER: [channel setup message]
INFO:root:Start of BUS:  ID: 0 SOURCE: -1 DATA:  ACK: 0 OTHER: [channel setup message]
INFO:root:Start of BUS:  ID: 0 SOURCE: -1 DATA:  ACK: 1 OTHER: [channel setup message]
WARNING:root:NOW IN LEVEL 41
INFO:root:Start of BUS:  ID: 0 SOURCE: -1 DATA:  ACK: 1 OTHER: [channel setup message]
INFO:root:	0 taking its acked message off the bus: 0
INFO:root:	0 wrote to BUS:  ID: 0 SOURCE: -1 DATA:  ACK: 0 OTHER: [channel setup message]
INFO:root:Start of BUS:  ID: 0 SOURCE: -1 DATA:  ACK: 0 OTHER: [channel setup message]
INFO:root:Start of BUS:  ID: 0 SOURCE: -1 DATA:  ACK: 1 OTHER: [channel setup message]
WARNING:root:NOW IN LEVEL 42
INFO:root:Start of BUS:  ID: 0 SOURCE: -1 DATA:  ACK: 1 OTHER: [channel setup message]
INFO:root:	0 taking its acked message off the bus: 0
INFO:root:	0 wrote to BUS:  ID: 0 SOURCE: -1 DATA:  ACK: 0 OTHER: [channel setup message]
INFO:root:Start of BUS:  ID: 0 SOURCE: -1 DATA:  ACK: 0 OTHER: [channel setup message]
INFO:root:Start of BUS:  ID: 0 SOURCE: -1 DATA:  ACK: 1 OTHER: [channel setup message]
WARNING:root:NOW IN LEVEL 43
INFO:root:Start of BUS:  ID: 0 SOURCE: -1 DATA:  ACK: 1 OTHER: [channel setup message]
INFO:root:	0 taking its acked message off the bus: 0
INFO:root:	0 wrote to BUS:  ID: 0 SOURCE: -1 DATA:  ACK: 0 OTHER: [channel setup message]
INFO:root:Start of BUS:  ID: 0 SOURCE: -1 DATA:  ACK: 0 OTHER: [channel setup message]
INFO:root:Start of BUS:  ID: 0 SOURCE: -1 DATA:  ACK: 1 OTHER: [channel setup message]
WARNING:root:NOW IN LEVEL 44
INFO:root:Start of BUS:  ID: 0 SOURCE: -1 DATA:  ACK: 1 OTHER: [channel setup message]
INFO:root:	0 taking its acked message off the bus: 0
INFO:root:	0 wrote to BUS:  ID: 0 SOURCE: -1 DATA:  ACK: 0 OTHER: [channel setup message]
INFO:root:Start of BUS:  ID: 0 SOURCE: -1 DATA:  ACK: 0 OTHER: [channel setup message]
INFO:root:Start of BUS:  ID: 0 SOURCE: -1 DATA:  ACK: 1 OTHER: [channel setup message]
WARNING:root:NOW IN LEVEL 45
INFO:root:Start of BUS:  ID: 0 SOURCE: -1 DATA:  ACK: 1 OTHER: [channel setup message]
INFO:root:	0 taking its acked message off the bus: 0
INFO:root:	0 wrote to BUS:  ID: 0 SOURCE: -1 DATA:  ACK: 0 OTHER: [channel setup message]
INFO:root:Start of BUS:  ID: 0 SOURCE: -1 DATA:  ACK: 0 OTHER: [channel setup message]
INFO:root:Start of BUS:  ID: 0 SOURCE: -1 DATA:  ACK: 1 OTHER: [channel setup message]
WARNING:root:NOW IN LEVEL 46
INFO:root:Start of BUS:  ID: 0 SOURCE: -1 DATA:  ACK: 1 OTHER: [channel setup message]
INFO:root:	0 taking its acked message off the bus: 0
INFO:root:	0 wrote to BUS:  ID: 0 SOURCE: -1 DATA:  ACK: 0 OTHER: [channel setup message]
INFO:root:Start of BUS:  ID: 0 SOURCE: -1 DATA:  ACK: 0 OTHER: [channel setup message]
INFO:root:Start of BUS:  ID: 0 SOURCE: -1 DATA:  ACK: 1 OTHER: [channel setup message]
WARNING:root:NOW IN LEVEL 47
INFO:root:Start of BUS:  ID: 0 SOURCE: -1 DATA:  ACK: 1 OTHER: [channel setup message]
INFO:root:	0 taking its acked message off the bus: 0
INFO:root:	0 wrote to BUS:  ID: 0 SOURCE: -1 DATA:  ACK: 0 OTHER: [channel setup message]
INFO:root:Start of BUS:  ID: 0 SOURCE: -1 DATA:  ACK: 0 OTHER: [channel setup message]
INFO:root:Start of BUS:  ID: 0 SOURCE: -1 DATA:  ACK: 1 OTHER: [channel setup message]
WARNING:root:NOW IN LEVEL 48
INFO:root:Start of BUS:  ID: 0 SOURCE: -1 DATA:  ACK: 1 OTHER: [channel setup message]
INFO:root:	0 taking its acked message off the bus: 0
INFO:root:	0 wrote to BUS:  ID: 0 SOURCE: -1 DATA:  ACK: 0 OTHER: [channel setup message]
INFO:root:Start of BUS:  ID: 0 SOURCE: -1 DATA:  ACK: 0 OTHER: [channel setup message]
INFO:root:Start of BUS:  ID: 0 SOURCE: -1 DATA:  ACK: 1 OTHER: [channel setup message]
WARNING:root:NOW IN LEVEL 49
INFO:root:Start of BUS:  ID: 0 SOURCE: -1 DATA:  ACK: 1 OTHER: [channel setup message]
INFO:root:	0 taking its acked message off the bus: 0
INFO:root:	0 wrote to BUS:  ID: 0 SOURCE: -1 DATA:  ACK: 0 OTHER: [channel setup message]
INFO:root:Start of BUS:  ID: 0 SOURCE: -1 DATA:  ACK: 0 OTHER: [channel setup message]
INFO:root:Start of BUS:  ID: 0 SOURCE: -1 DATA:  ACK: 1 OTHER: [channel setup message]
WARNING:root:NOW IN LEVEL 50
INFO:root:Start of BUS:  ID: 0 SOURCE: -1 DATA:  ACK: 1 OTHER: [channel setup message]
INFO:root:	0 taking its acked message off the bus: 0
INFO:root:	0 wrote to BUS:  ID: 0 SOURCE: -1 DATA:  ACK: 0 OTHER: [channel setup message]
INFO:root:Start of BUS:  ID: 0 SOURCE: -1 DATA:  ACK: 0 OTHER: [channel setup message]
INFO:root:Start of BUS:  ID: 0 SOURCE: -1 DATA:  ACK: 1 OTHER: [channel setup message]
WARNING:root:NOW IN LEVEL 51
INFO:root:Start of BUS:  ID: 0 SOURCE: -1 DATA:  ACK: 1 OTHER: [channel setup message]
INFO:root:	0 taking its acked message off the bus: 0
INFO:root:	0 wrote to BUS:  ID: 0 SOURCE: -1 DATA:  ACK: 0 OTHER: [channel setup message]
INFO:root:Start of BUS:  ID: 0 SOURCE: -1 DATA:  ACK: 0 OTHER: [channel setup message]
INFO:root:Start of BUS:  ID: 0 SOURCE: -1 DATA:  ACK: 1 OTHER: [channel setup message]
WARNING:root:NOW IN LEVEL 52
INFO:root:Start of BUS:  ID: 0 SOURCE: -1 DATA:  ACK: 1 OTHER: [channel setup message]
INFO:root:	0 taking its acked message off the bus: 0
INFO:root:	0 wrote to BUS:  ID: 0 SOURCE: -1 DATA:  ACK: 0 OTHER: [channel setup message]
INFO:root:Start of BUS:  ID: 0 SOURCE: -1 DATA:  ACK: 0 OTHER: [channel setup message]
INFO:root:Start of BUS:  ID: 0 SOURCE: -1 DATA:  ACK: 1 OTHER: [channel setup message]
WARNING:root:NOW IN LEVEL 53
INFO:root:Start of BUS:  ID: 0 SOURCE: -1 DATA:  ACK: 1 OTHER: [channel setup message]
INFO:root:	0 taking its acked message off the bus: 0
INFO:root:	0 wrote to BUS:  ID: 0 SOURCE: -1 DATA:  ACK: 0 OTHER: [channel setup message]
INFO:root:Start of BUS:  ID: 0 SOURCE: -1 DATA:  ACK: 0 OTHER: [channel setup message]
INFO:root:Start of BUS:  ID: 0 SOURCE: -1 DATA:  ACK: 1 OTHER: [channel setup message]
WARNING:root:NOW IN LEVEL 54
INFO:root:Start of BUS:  ID: 0 SOURCE: -1 DATA:  ACK: 1 OTHER: [channel setup message]
INFO:root:	0 taking its acked message off the bus: 0
INFO:root:	0 wrote to BUS:  ID: 0 SOURCE: -1 DATA:  ACK: 0 OTHER: [channel setup message]
INFO:root:Start of BUS:  ID: 0 SOURCE: -1 DATA:  ACK: 0 OTHER: [channel setup message]
INFO:root:Start of BUS:  ID: 0 SOURCE: -1 DATA:  ACK: 1 OTHER: [channel setup message]
WARNING:root:NOW IN LEVEL 55
INFO:root:Start of BUS:  ID: 0 SOURCE: -1 DATA:  ACK: 1 OTHER: [channel setup message]
INFO:root:	0 taking its acked message off the bus: 0
INFO:root:	0 wrote to BUS:  ID: 0 SOURCE: -1 DATA:  ACK: 0 OTHER: [channel setup message]
INFO:root:Start of BUS:  ID: 0 SOURCE: -1 DATA:  ACK: 0 OTHER: [channel setup message]
INFO:root:Start of BUS:  ID: 0 SOURCE: -1 DATA:  ACK: 1 OTHER: [channel setup message]
WARNING:root:NOW IN LEVEL 56
INFO:root:Start of BUS:  ID: 0 SOURCE: -1 DATA:  ACK: 1 OTHER: [channel setup message]
INFO:root:	0 taking its acked message off the bus: 0
INFO:root:	0 wrote to BUS:  ID: 0 SOURCE: -1 DATA:  ACK: 0 OTHER: [channel setup message]
INFO:root:Start of BUS:  ID: 0 SOURCE: -1 DATA:  ACK: 0 OTHER: [channel setup message]
INFO:root:Start of BUS:  ID: 0 SOURCE: -1 DATA:  ACK: 1 OTHER: [channel setup message]
WARNING:root:NOW IN LEVEL 57
INFO:root:Start of BUS:  ID: 0 SOURCE: -1 DATA:  ACK: 1 OTHER: [channel setup message]
INFO:root:	0 taking its acked message off the bus: 0
INFO:root:	0 wrote to BUS:  ID: 0 SOURCE: -1 DATA:  ACK: 0 OTHER: [channel setup message]
INFO:root:Start of BUS:  ID: 0 SOURCE: -1 DATA:  ACK: 0 OTHER: [channel setup message]
INFO:root:Start of BUS:  ID: 0 SOURCE: -1 DATA:  ACK: 1 OTHER: [channel setup message]
WARNING:root:NOW IN LEVEL 58
INFO:root:Start of BUS:  ID: 0 SOURCE: -1 DATA:  ACK: 1 OTHER: [channel setup message]
INFO:root:	0 taking its acked message off the bus: 0
INFO:root:	0 wrote to BUS:  ID: 0 SOURCE: -1 DATA:  ACK: 0 OTHER: [channel setup message]
INFO:root:Start of BUS:  ID: 0 SOURCE: -1 DATA:  ACK: 0 OTHER: [channel setup message]
INFO:root:Start of BUS:  ID: 0 SOURCE: -1 DATA:  ACK: 1 OTHER: [channel setup message]
WARNING:root:NOW IN LEVEL 59
INFO:root:Start of BUS:  ID: 0 SOURCE: -1 DATA:  ACK: 1 OTHER: [channel setup message]
INFO:root:	0 taking its acked message off the bus: 0
INFO:root:	0 wrote to BUS:  ID: 0 SOURCE: -1 DATA:  ACK: 0 OTHER: [channel setup message]
INFO:root:Start of BUS:  ID: 0 SOURCE: -1 DATA:  ACK: 0 OTHER: [channel setup message]
INFO:root:Start of BUS:  ID: 0 SOURCE: -1 DATA:  ACK: 1 OTHER: [channel setup message]
WARNING:root:NOW IN LEVEL 60
INFO:root:Start of BUS:  ID: 0 SOURCE: -1 DATA:  ACK: 1 OTHER: [channel setup message]
INFO:root:	0 taking its acked message off the bus: 0
INFO:root:	0 wrote to BUS:  ID: 0 SOURCE: -1 DATA:  ACK: 0 OTHER: [channel setup message]
INFO:root:Start of BUS:  ID: 0 SOURCE: -1 DATA:  ACK: 0 OTHER: [channel setup message]
INFO:root:Start of BUS:  ID: 0 SOURCE: -1 DATA:  ACK: 1 OTHER: [channel setup message]
WARNING:root:NOW IN LEVEL 61
INFO:root:Start of BUS:  ID: 0 SOURCE: -1 DATA:  ACK: 1 OTHER: [channel setup message]
INFO:root:	0 taking its acked message off the bus: 0
INFO:root:	0 wrote to BUS:  ID: 0 SOURCE: -1 DATA:  ACK: 0 OTHER: [channel setup message]
INFO:root:Start of BUS:  ID: 0 SOURCE: -1 DATA:  ACK: 0 OTHER: [channel setup message]
INFO:root:Start of BUS:  ID: 0 SOURCE: -1 DATA:  ACK: 1 OTHER: [channel setup message]
WARNING:root:NOW IN LEVEL 62
INFO:root:Start of BUS:  ID: 0 SOURCE: -1 DATA:  ACK: 1 OTHER: [channel setup message]
INFO:root:	0 taking its acked message off the bus: 0
INFO:root:	0 wrote to BUS:  ID: 0 SOURCE: -1 DATA:  ACK: 0 OTHER: [channel setup message]
INFO:root:Start of BUS:  ID: 0 SOURCE: -1 DATA:  ACK: 0 OTHER: [channel setup message]
INFO:root:Start of BUS:  ID: 0 SOURCE: -1 DATA:  ACK: 1 OTHER: [channel setup message]
WARNING:root:NOW IN LEVEL 63
INFO:root:Start of BUS:  ID: 0 SOURCE: -1 DATA:  ACK: 1 OTHER: [channel setup message]
INFO:root:	0 taking its acked message off the bus: 0
INFO:root:	0 wrote to BUS:  ID: 0 SOURCE: -1 DATA:  ACK: 0 OTHER: [channel setup message]
INFO:root:Start of BUS:  ID: 0 SOURCE: -1 DATA:  ACK: 0 OTHER: [channel setup message]
INFO:root:Start of BUS:  ID: 0 SOURCE: -1 DATA:  ACK: 1 OTHER: [channel setup message]
WARNING:root:NOW IN LEVEL 64
INFO:root:Start of BUS:  ID: 0 SOURCE: -1 DATA:  ACK: 1 OTHER: [channel setup message]
INFO:root:	0 taking its acked message off the bus: 0
INFO:root:	0 wrote to BUS:  ID: 0 SOURCE: -1 DATA:  ACK: 0 OTHER: [channel setup message]
INFO:root:Start of BUS:  ID: 0 SOURCE: -1 DATA:  ACK: 0 OTHER: [channel setup message]
INFO:root:Start of BUS:  ID: 0 SOURCE: -1 DATA:  ACK: 1 OTHER: [channel setup message]
WARNING:root:NOW IN LEVEL 65
INFO:root:Start of BUS:  ID: 0 SOURCE: -1 DATA:  ACK: 1 OTHER: [channel setup message]
INFO:root:	0 taking its acked message off the bus: 0
INFO:root:	0 wrote to BUS:  ID: 0 SOURCE: -1 DATA:  ACK: 0 OTHER: [channel setup message]
INFO:root:Start of BUS:  ID: 0 SOURCE: -1 DATA:  ACK: 0 OTHER: [channel setup message]
INFO:root:Start of BUS:  ID: 0 SOURCE: -1 DATA:  ACK: 1 OTHER: [channel setup message]
WARNING:root:NOW IN LEVEL 66
INFO:root:Start of BUS:  ID: 0 SOURCE: -1 DATA:  ACK: 1 OTHER: [channel setup message]
INFO:root:	0 taking its acked message off the bus: 0
INFO:root:	0 wrote to BUS:  ID: 0 SOURCE: -1 DATA:  ACK: 0 OTHER: [channel setup message]
INFO:root:Start of BUS:  ID: 0 SOURCE: -1 DATA:  ACK: 0 OTHER: [channel setup message]
INFO:root:Start of BUS:  ID: 0 SOURCE: -1 DATA:  ACK: 1 OTHER: [channel setup message]
WARNING:root:NOW IN LEVEL 67
INFO:root:Start of BUS:  ID: 0 SOURCE: -1 DATA:  ACK: 1 OTHER: [channel setup message]
INFO:root:	0 taking its acked message off the bus: 0
INFO:root:	0 wrote to BUS:  ID: 0 SOURCE: -1 DATA:  ACK: 0 OTHER: [channel setup message]
INFO:root:Start of BUS:  ID: 0 SOURCE: -1 DATA:  ACK: 0 OTHER: [channel setup message]
INFO:root:Start of BUS:  ID: 0 SOURCE: -1 DATA:  ACK: 1 OTHER: [channel setup message]
WARNING:root:NOW IN LEVEL 68
INFO:root:Start of BUS:  ID: 0 SOURCE: -1 DATA:  ACK: 1 OTHER: [channel setup message]
INFO:root:	0 taking its acked message off the bus: 0
INFO:root:	0 wrote to BUS:  ID: 0 SOURCE: -1 DATA:  ACK: 0 OTHER: [channel setup message]
INFO:root:Start of BUS:  ID: 0 SOURCE: -1 DATA:  ACK: 0 OTHER: [channel setup message]
INFO:root:Start of BUS:  ID: 0 SOURCE: -1 DATA:  ACK: 1 OTHER: [channel setup message]
WARNING:root:NOW IN LEVEL 69
INFO:root:Start of BUS:  ID: 0 SOURCE: -1 DATA:  ACK: 1 OTHER: [channel setup message]
INFO:root:	0 taking its acked message off the bus: 0
INFO:root:	0 wrote to BUS:  ID: 0 SOURCE: -1 DATA:  ACK: 0 OTHER: [channel setup message]
INFO:root:Start of BUS:  ID: 0 SOURCE: -1 DATA:  ACK: 0 OTHER: [channel setup message]
INFO:root:Start of BUS:  ID: 0 SOURCE: -1 DATA:  ACK: 1 OTHER: [channel setup message]
WARNING:root:NOW IN LEVEL 70
INFO:root:Start of BUS:  ID: 0 SOURCE: -1 DATA:  ACK: 1 OTHER: [channel setup message]
INFO:root:	0 taking its acked message off the bus: 0
INFO:root:	0 wrote to BUS:  ID: 0 SOURCE: -1 DATA:  ACK: 0 OTHER: [channel setup message]
INFO:root:Start of BUS:  ID: 0 SOURCE: -1 DATA:  ACK: 0 OTHER: [channel setup message]
INFO:root:Start of BUS:  ID: 0 SOURCE: -1 DATA:  ACK: 1 OTHER: [channel setup message]
WARNING:root:NOW IN LEVEL 71
INFO:root:Start of BUS:  ID: 0 SOURCE: -1 DATA:  ACK: 1 OTHER: [channel setup message]
INFO:root:	0 taking its acked message off the bus: 0
INFO:root:	0 wrote to BUS:  ID: 0 SOURCE: -1 DATA:  ACK: 0 OTHER: [channel setup message]
INFO:root:Start of BUS:  ID: 0 SOURCE: -1 DATA:  ACK: 0 OTHER: [channel setup message]
INFO:root:Start of BUS:  ID: 0 SOURCE: -1 DATA:  ACK: 1 OTHER: [channel setup message]
WARNING:root:NOW IN LEVEL 72
INFO:root:Start of BUS:  ID: 0 SOURCE: -1 DATA:  ACK: 1 OTHER: [channel setup message]
INFO:root:	0 taking its acked message off the bus: 0
INFO:root:	0 wrote to BUS:  ID: 0 SOURCE: -1 DATA:  ACK: 0 OTHER: [channel setup message]
INFO:root:Start of BUS:  ID: 0 SOURCE: -1 DATA:  ACK: 0 OTHER: [channel setup message]
INFO:root:Start of BUS:  ID: 0 SOURCE: -1 DATA:  ACK: 1 OTHER: [channel setup message]
WARNING:root:NOW IN LEVEL 73
INFO:root:Start of BUS:  ID: 0 SOURCE: -1 DATA:  ACK: 1 OTHER: [channel setup message]
INFO:root:	0 taking its acked message off the bus: 0
INFO:root:	0 wrote to BUS:  ID: 0 SOURCE: -1 DATA:  ACK: 0 OTHER: [channel setup message]
INFO:root:Start of BUS:  ID: 0 SOURCE: -1 DATA:  ACK: 0 OTHER: [channel setup message]
INFO:root:Start of BUS:  ID: 0 SOURCE: -1 DATA:  ACK: 1 OTHER: [channel setup message]
WARNING:root:NOW IN LEVEL 74
INFO:root:Start of BUS:  ID: 0 SOURCE: -1 DATA:  ACK: 1 OTHER: [channel setup message]
INFO:root:	0 taking its acked message off the bus: 0
INFO:root:	0 wrote to BUS:  ID: 0 SOURCE: -1 DATA:  ACK: 0 OTHER: [channel setup message]
INFO:root:Start of BUS:  ID: 0 SOURCE: -1 DATA:  ACK: 0 OTHER: [channel setup message]
INFO:root:Start of BUS:  ID: 0 SOURCE: -1 DATA:  ACK: 1 OTHER: [channel setup message]
WARNING:root:NOW IN LEVEL 75
INFO:root:Start of BUS:  ID: 0 SOURCE: -1 DATA:  ACK: 1 OTHER: [channel setup message]
INFO:root:	0 taking its acked message off the bus: 0
INFO:root:	0 wrote to BUS:  ID: 0 SOURCE: -1 DATA:  ACK: 0 OTHER: [channel setup message]
INFO:root:Start of BUS:  ID: 0 SOURCE: -1 DATA:  ACK: 0 OTHER: [channel setup message]
INFO:root:Start of BUS:  ID: 0 SOURCE: -1 DATA:  ACK: 1 OTHER: [channel setup message]
WARNING:root:NOW IN LEVEL 76
INFO:root:Start of BUS:  ID: 0 SOURCE: -1 DATA:  ACK: 1 OTHER: [channel setup message]
INFO:root:	0 taking its acked message off the bus: 0
INFO:root:	0 wrote to BUS:  ID: 0 SOURCE: -1 DATA:  ACK: 0 OTHER: [channel setup message]
INFO:root:Start of BUS:  ID: 0 SOURCE: -1 DATA:  ACK: 0 OTHER: [channel setup message]
INFO:root:Start of BUS:  ID: 0 SOURCE: -1 DATA:  ACK: 1 OTHER: [channel setup message]
WARNING:root:NOW IN LEVEL 77
INFO:root:Start of BUS:  ID: 0 SOURCE: -1 DATA:  ACK: 1 OTHER: [channel setup message]
INFO:root:	0 taking its acked message off the bus: 0
INFO:root:	0 wrote to BUS:  ID: 0 SOURCE: -1 DATA:  ACK: 0 OTHER: [channel setup message]
INFO:root:Start of BUS:  ID: 0 SOURCE: -1 DATA:  ACK: 0 OTHER: [channel setup message]
INFO:root:Start of BUS:  ID: 0 SOURCE: -1 DATA:  ACK: 1 OTHER: [channel setup message]
WARNING:root:NOW IN LEVEL 78
INFO:root:Start of BUS:  ID: 0 SOURCE: -1 DATA:  ACK: 1 OTHER: [channel setup message]
INFO:root:	0 taking its acked message off the bus: 0
INFO:root:	0 wrote to BUS:  ID: 0 SOURCE: -1 DATA:  ACK: 0 OTHER: [channel setup message]
INFO:root:Start of BUS:  ID: 0 SOURCE: -1 DATA:  ACK: 0 OTHER: [channel setup message]
INFO:root:Start of BUS:  ID: 0 SOURCE: -1 DATA:  ACK: 1 OTHER: [channel setup message]
WARNING:root:NOW IN LEVEL 79
INFO:root:Start of BUS:  ID: 0 SOURCE: -1 DATA:  ACK: 1 OTHER: [channel setup message]
INFO:root:	0 taking its acked message off the bus: 0
INFO:root:	0 wrote to BUS:  ID: 0 SOURCE: -1 DATA:  ACK: 0 OTHER: [channel setup message]
INFO:root:Start of BUS:  ID: 0 SOURCE: -1 DATA:  ACK: 0 OTHER: [channel setup message]
INFO:root:Start of BUS:  ID: 0 SOURCE: -1 DATA:  ACK: 1 OTHER: [channel setup message]
WARNING:root:NOW IN LEVEL 80
INFO:root:Start of BUS:  ID: 0 SOURCE: -1 DATA:  ACK: 1 OTHER: [channel setup message]
INFO:root:	0 taking its acked message off the bus: 0
INFO:root:	0 wrote to BUS:  ID: 0 SOURCE: -1 DATA:  ACK: 0 OTHER: [channel setup message]
INFO:root:Start of BUS:  ID: 0 SOURCE: -1 DATA:  ACK: 0 OTHER: [channel setup message]
INFO:root:Start of BUS:  ID: 0 SOURCE: -1 DATA:  ACK: 1 OTHER: [channel setup message]
WARNING:root:NOW IN LEVEL 81
INFO:root:Start of BUS:  ID: 0 SOURCE: -1 DATA:  ACK: 1 OTHER: [channel setup message]
INFO:root:	0 taking its acked message off the bus: 0
INFO:root:	0 wrote to BUS:  ID: 0 SOURCE: -1 DATA:  ACK: 0 OTHER: [channel setup message]
INFO:root:Start of BUS:  ID: 0 SOURCE: -1 DATA:  ACK: 0 OTHER: [channel setup message]
INFO:root:Start of BUS:  ID: 0 SOURCE: -1 DATA:  ACK: 1 OTHER: [channel setup message]
WARNING:root:NOW IN LEVEL 82
INFO:root:Start of BUS:  ID: 0 SOURCE: -1 DATA:  ACK: 1 OTHER: [channel setup message]
INFO:root:	0 taking its acked message off the bus: 0
INFO:root:	0 wrote to BUS:  ID: 0 SOURCE: -1 DATA:  ACK: 0 OTHER: [channel setup message]
INFO:root:Start of BUS:  ID: 0 SOURCE: -1 DATA:  ACK: 0 OTHER: [channel setup message]
INFO:root:Start of BUS:  ID: 0 SOURCE: -1 DATA:  ACK: 1 OTHER: [channel setup message]
WARNING:root:NOW IN LEVEL 83
INFO:root:Start of BUS:  ID: 0 SOURCE: -1 DATA:  ACK: 1 OTHER: [channel setup message]
INFO:root:	0 taking its acked message off the bus: 0
INFO:root:	0 wrote to BUS:  ID: 0 SOURCE: -1 DATA:  ACK: 0 OTHER: [channel setup message]
INFO:root:Start of BUS:  ID: 0 SOURCE: -1 DATA:  ACK: 0 OTHER: [channel setup message]
INFO:root:Start of BUS:  ID: 0 SOURCE: -1 DATA:  ACK: 1 OTHER: [channel setup message]
WARNING:root:NOW IN LEVEL 84
INFO:root:Start of BUS:  ID: 0 SOURCE: -1 DATA:  ACK: 1 OTHER: [channel setup message]
INFO:root:	0 taking its acked message off the bus: 0
INFO:root:	0 wrote to BUS:  ID: 0 SOURCE: -1 DATA:  ACK: 0 OTHER: [channel setup message]
INFO:root:Start of BUS:  ID: 0 SOURCE: -1 DATA:  ACK: 0 OTHER: [channel setup message]
INFO:root:Start of BUS:  ID: 0 SOURCE: -1 DATA:  ACK: 1 OTHER: [channel setup message]
WARNING:root:NOW IN LEVEL 85
INFO:root:Start of BUS:  ID: 0 SOURCE: -1 DATA:  ACK: 1 OTHER: [channel setup message]
INFO:root:	0 taking its acked message off the bus: 0
INFO:root:	0 wrote to BUS:  ID: 0 SOURCE: -1 DATA:  ACK: 0 OTHER: [channel setup message]
INFO:root:Start of BUS:  ID: 0 SOURCE: -1 DATA:  ACK: 0 OTHER: [channel setup message]
INFO:root:Start of BUS:  ID: 0 SOURCE: -1 DATA:  ACK: 1 OTHER: [channel setup message]
WARNING:root:NOW IN LEVEL 86
INFO:root:Start of BUS:  ID: 0 SOURCE: -1 DATA:  ACK: 1 OTHER: [channel setup message]
INFO:root:	0 taking its acked message off the bus: 0
INFO:root:	0 wrote to BUS:  ID: 0 SOURCE: -1 DATA:  ACK: 0 OTHER: [channel setup message]
INFO:root:Start of BUS:  ID: 0 SOURCE: -1 DATA:  ACK: 0 OTHER: [channel setup message]
INFO:root:Start of BUS:  ID: 0 SOURCE: -1 DATA:  ACK: 1 OTHER: [channel setup message]
WARNING:root:NOW IN LEVEL 87
INFO:root:Start of BUS:  ID: 0 SOURCE: -1 DATA:  ACK: 1 OTHER: [channel setup message]
INFO:root:	0 taking its acked message off the bus: 0
INFO:root:	0 wrote to BUS:  ID: 0 SOURCE: -1 DATA:  ACK: 0 OTHER: [channel setup message]
INFO:root:Start of BUS:  ID: 0 SOURCE: -1 DATA:  ACK: 0 OTHER: [channel setup message]
INFO:root:Start of BUS:  ID: 0 SOURCE: -1 DATA:  ACK: 1 OTHER: [channel setup message]
WARNING:root:NOW IN LEVEL 88
INFO:root:Start of BUS:  ID: 0 SOURCE: -1 DATA:  ACK: 1 OTHER: [channel setup message]
INFO:root:	0 taking its acked message off the bus: 0
INFO:root:	0 wrote to BUS:  ID: 0 SOURCE: -1 DATA:  ACK: 0 OTHER: [channel setup message]
INFO:root:Start of BUS:  ID: 0 SOURCE: -1 DATA:  ACK: 0 OTHER: [channel setup message]
INFO:root:Start of BUS:  ID: 0 SOURCE: -1 DATA:  ACK: 1 OTHER: [channel setup message]
WARNING:root:NOW IN LEVEL 89
INFO:root:Start of BUS:  ID: 0 SOURCE: -1 DATA:  ACK: 1 OTHER: [channel setup message]
INFO:root:	0 taking its acked message off the bus: 0
INFO:root:	0 wrote to BUS:  ID: 0 SOURCE: -1 DATA:  ACK: 0 OTHER: [channel setup message]
INFO:root:Start of BUS:  ID: 0 SOURCE: -1 DATA:  ACK: 0 OTHER: [channel setup message]
INFO:root:Start of BUS:  ID: 0 SOURCE: -1 DATA:  ACK: 1 OTHER: [channel setup message]
WARNING:root:NOW IN LEVEL 90
INFO:root:Start of BUS:  ID: 0 SOURCE: -1 DATA:  ACK: 1 OTHER: [channel setup message]
INFO:root:	0 taking its acked message off the bus: 0
INFO:root:	0 wrote to BUS:  ID: 0 SOURCE: -1 DATA:  ACK: 0 OTHER: [channel setup message]
INFO:root:Start of BUS:  ID: 0 SOURCE: -1 DATA:  ACK: 0 OTHER: [channel setup message]
INFO:root:Start of BUS:  ID: 0 SOURCE: -1 DATA:  ACK: 1 OTHER: [channel setup message]
WARNING:root:NOW IN LEVEL 91
INFO:root:Start of BUS:  ID: 0 SOURCE: -1 DATA:  ACK: 1 OTHER: [channel setup message]
INFO:root:	0 taking its acked message off the bus: 0
INFO:root:	0 wrote to BUS:  ID: 0 SOURCE: -1 DATA:  ACK: 0 OTHER: [channel setup message]
INFO:root:Start of BUS:  ID: 0 SOURCE: -1 DATA:  ACK: 0 OTHER: [channel setup message]
INFO:root:Start of BUS:  ID: 0 SOURCE: -1 DATA:  ACK: 1 OTHER: [channel setup message]
WARNING:root:NOW IN LEVEL 92
INFO:root:Start of BUS:  ID: 0 SOURCE: -1 DATA:  ACK: 1 OTHER: [channel setup message]
INFO:root:	0 taking its acked message off the bus: 0
INFO:root:	0 wrote to BUS:  ID: 0 SOURCE: -1 DATA:  ACK: 0 OTHER: [channel setup message]
INFO:root:Start of BUS:  ID: 0 SOURCE: -1 DATA:  ACK: 0 OTHER: [channel setup message]
INFO:root:Start of BUS:  ID: 0 SOURCE: -1 DATA:  ACK: 1 OTHER: [channel setup message]
WARNING:root:NOW IN LEVEL 93
INFO:root:Start of BUS:  ID: 0 SOURCE: -1 DATA:  ACK: 1 OTHER: [channel setup message]
INFO:root:	0 taking its acked message off the bus: 0
INFO:root:	0 wrote to BUS:  ID: 0 SOURCE: -1 DATA:  ACK: 0 OTHER: [channel setup message]
INFO:root:Start of BUS:  ID: 0 SOURCE: -1 DATA:  ACK: 0 OTHER: [channel setup message]
INFO:root:Start of BUS:  ID: 0 SOURCE: -1 DATA:  ACK: 1 OTHER: [channel setup message]
WARNING:root:NOW IN LEVEL 94
INFO:root:Start of BUS:  ID: 0 SOURCE: -1 DATA:  ACK: 1 OTHER: [channel setup message]
INFO:root:	0 taking its acked message off the bus: 0
INFO:root:	0 wrote to BUS:  ID: 0 SOURCE: -1 DATA:  ACK: 0 OTHER: [channel setup message]
INFO:root:Start of BUS:  ID: 0 SOURCE: -1 DATA:  ACK: 0 OTHER: [channel setup message]
INFO:root:Start of BUS:  ID: 0 SOURCE: -1 DATA:  ACK: 1 OTHER: [channel setup message]
WARNING:root:NOW IN LEVEL 95
INFO:root:Start of BUS:  ID: 0 SOURCE: -1 DATA:  ACK: 1 OTHER: [channel setup message]
INFO:root:	0 taking its acked message off the bus: 0
INFO:root:	0 wrote to BUS:  ID: 0 SOURCE: -1 DATA:  ACK: 0 OTHER: [channel setup message]
INFO:root:Start of BUS:  ID: 0 SOURCE: -1 DATA:  ACK: 0 OTHER: [channel setup message]
INFO:root:Start of BUS:  ID: 0 SOURCE: -1 DATA:  ACK: 1 OTHER: [channel setup message]
WARNING:root:NOW IN LEVEL 96
INFO:root:Start of BUS:  ID: 0 SOURCE: -1 DATA:  ACK: 1 OTHER: [channel setup message]
INFO:root:	0 taking its acked message off the bus: 0
INFO:root:	0 wrote to BUS:  ID: 0 SOURCE: -1 DATA:  ACK: 0 OTHER: [channel setup message]
INFO:root:Start of BUS:  ID: 0 SOURCE: -1 DATA:  ACK: 0 OTHER: [channel setup message]
INFO:root:Start of BUS:  ID: 0 SOURCE: -1 DATA:  ACK: 1 OTHER: [channel setup message]
WARNING:root:NOW IN LEVEL 97
INFO:root:Start of BUS:  ID: 0 SOURCE: -1 DATA:  ACK: 1 OTHER: [channel setup message]
INFO:root:	0 taking its acked message off the bus: 0
INFO:root:	0 wrote to BUS:  ID: 0 SOURCE: -1 DATA:  ACK: 0 OTHER: [channel setup message]
INFO:root:Start of BUS:  ID: 0 SOURCE: -1 DATA:  ACK: 0 OTHER: [channel setup message]
INFO:root:Start of BUS:  ID: 0 SOURCE: -1 DATA:  ACK: 1 OTHER: [channel setup message]
WARNING:root:NOW IN LEVEL 98
INFO:root:Start of BUS:  ID: 0 SOURCE: -1 DATA:  ACK: 1 OTHER: [channel setup message]
INFO:root:	0 taking its acked message off the bus: 0
INFO:root:	0 wrote to BUS:  ID: 0 SOURCE: -1 DATA:  ACK: 0 OTHER: [channel setup message]
INFO:root:Start of BUS:  ID: 0 SOURCE: -1 DATA:  ACK: 0 OTHER: [channel setup message]
INFO:root:Start of BUS:  ID: 0 SOURCE: -1 DATA:  ACK: 1 OTHER: [channel setup message]
WARNING:root:NOW IN LEVEL 99
INFO:root:Start of BUS:  ID: 0 SOURCE: -1 DATA:  ACK: 1 OTHER: [channel setup message]
INFO:root:	0 taking its acked message off the bus: 0
INFO:root:	0 wrote to BUS:  ID: 0 SOURCE: -1 DATA:  ACK: 0 OTHER: [channel setup message]
INFO:root:Start of BUS:  ID: 0 SOURCE: -1 DATA:  ACK: 0 OTHER: [channel setup message]
INFO:root:Start of BUS:  ID: 0 SOURCE: -1 DATA:  ACK: 1 OTHER: [channel setup message]
